<?xml version="1.0" encoding="UTF-8"?>
<!-- Generated by org.testng.reporters.JUnitReportReporter -->
<testsuite skipped="0" hostname="LAPTOP-MUEQ79FM" name="com.planit.testscenarios.TestMethods" tests="10" failures="0" timestamp="2022-07-15T22:24:45 AEST" time="13.852" errors="0">
  <testcase name="NavigateToHomePage" time="0.050" classname="com.planit.testscenarios.TestMethods"/>
  <system-out/>
  <testcase name="SubmitContactInfo" time="3.929" classname="com.planit.testscenarios.TestMethods"/>
  <system-out/>
  <testcase name="NavigateToShopPage" time="0.920" classname="com.planit.testscenarios.TestMethods"/>
  <system-out/>
  <testcase name="BuyOneProduct" time="0.526" classname="com.planit.testscenarios.TestMethods"/>
  <system-out/>
  <testcase name="BuyMultipleProducts" time="0.148" classname="com.planit.testscenarios.TestMethods"/>
  <system-out/>
  <testcase name="NavigateToCartPage" time="0.823" classname="com.planit.testscenarios.TestMethods"/>
  <system-out/>
  <testcase name="UpdateProductQuantity" time="0.514" classname="com.planit.testscenarios.TestMethods"/>
  <system-out/>
  <testcase name="ClearCart" time="0.675" classname="com.planit.testscenarios.TestMethods"/>
  <system-out/>
  <testcase name="ProceedToCheckOut" time="0.864" classname="com.planit.testscenarios.TestMethods"/>
  <system-out/>
  <testcase name="OrderPurchaseDetails" time="5.403" classname="com.planit.testscenarios.TestMethods"/>
  <system-out/>
</testsuite> <!-- com.planit.testscenarios.TestMethods -->
